<?xml version="1.0" encoding="UTF-8"?>
<coverage generated="1491110222449" clover="3.2.0">
  <project timestamp="1491110222450" name="All files">
    <metrics statements="67" coveredstatements="52" conditionals="17" coveredconditionals="16" methods="24" coveredmethods="14" elements="108" coveredelements="82" complexity="0" loc="67" ncloc="67" packages="7" files="11" classes="11">
      <package name="config.jest">
        <metrics statements="9" coveredstatements="8" conditionals="0" coveredconditionals="0" methods="5" coveredmethods="4"/>
        <file name="globalFetch.js" path="/Users/him_aeng/Sites/Experiment/unit_test_example/config/jest/globalFetch.js">
          <metrics statements="8" coveredstatements="7" conditionals="0" coveredconditionals="0" methods="5" coveredmethods="4"/>
          <line num="1" count="5" type="stmt"/>
          <line num="3" count="5" type="stmt"/>
          <line num="4" count="1" type="stmt"/>
          <line num="5" count="1" type="stmt"/>
          <line num="6" count="0" type="stmt"/>
          <line num="11" count="5" type="stmt"/>
          <line num="12" count="1" type="stmt"/>
          <line num="13" count="1" type="stmt"/>
        </file>
        <file name="mockData.js" path="/Users/him_aeng/Sites/Experiment/unit_test_example/config/jest/mockData.js">
          <metrics statements="1" coveredstatements="1" conditionals="0" coveredconditionals="0" methods="0" coveredmethods="0"/>
          <line num="1" count="4" type="stmt"/>
        </file>
      </package>
      <package name="mocks">
        <metrics statements="2" coveredstatements="2" conditionals="0" coveredconditionals="0" methods="0" coveredmethods="0"/>
        <file name="redux-mock-store.js" path="/Users/him_aeng/Sites/Experiment/unit_test_example/mocks/redux-mock-store.js">
          <metrics statements="2" coveredstatements="2" conditionals="0" coveredconditionals="0" methods="0" coveredmethods="0"/>
          <line num="4" count="1" type="stmt"/>
          <line num="5" count="1" type="stmt"/>
        </file>
      </package>
      <package name="src.actions">
        <metrics statements="8" coveredstatements="8" conditionals="0" coveredconditionals="0" methods="2" coveredmethods="2"/>
        <file name="index.js" path="/Users/him_aeng/Sites/Experiment/unit_test_example/src/actions/index.js">
          <metrics statements="0" coveredstatements="0" conditionals="0" coveredconditionals="0" methods="0" coveredmethods="0"/>
        </file>
        <file name="reposAction.js" path="/Users/him_aeng/Sites/Experiment/unit_test_example/src/actions/reposAction.js">
          <metrics statements="4" coveredstatements="4" conditionals="0" coveredconditionals="0" methods="2" coveredmethods="2"/>
          <line num="8" count="2" type="stmt"/>
          <line num="9" count="2" type="stmt"/>
          <line num="15" count="2" type="stmt"/>
          <line num="16" count="1" type="stmt"/>
        </file>
        <file name="types.js" path="/Users/him_aeng/Sites/Experiment/unit_test_example/src/actions/types.js">
          <metrics statements="4" coveredstatements="4" conditionals="0" coveredconditionals="0" methods="0" coveredmethods="0"/>
          <line num="1" count="3" type="stmt"/>
          <line num="2" count="3" type="stmt"/>
          <line num="3" count="3" type="stmt"/>
          <line num="4" count="3" type="stmt"/>
        </file>
      </package>
      <package name="src.components">
        <metrics statements="13" coveredstatements="12" conditionals="5" coveredconditionals="5" methods="5" coveredmethods="3"/>
        <file name="RepoItem.js" path="/Users/him_aeng/Sites/Experiment/unit_test_example/src/components/RepoItem.js">
          <metrics statements="7" coveredstatements="6" conditionals="5" coveredconditionals="5" methods="2" coveredmethods="1"/>
          <line num="8" count="2" type="stmt"/>
          <line num="14" count="2" type="stmt"/>
          <line num="19" count="5" type="stmt"/>
          <line num="20" count="5" type="cond" truecount="3" falsecount="0"/>
          <line num="21" count="5" type="stmt"/>
          <line num="23" count="0" type="stmt"/>
          <line num="35" count="2" type="stmt"/>
        </file>
        <file name="RepoList.js" path="/Users/him_aeng/Sites/Experiment/unit_test_example/src/components/RepoList.js">
          <metrics statements="6" coveredstatements="6" conditionals="0" coveredconditionals="0" methods="3" coveredmethods="2"/>
          <line num="10" count="1" type="stmt"/>
          <line num="12" count="1" type="stmt"/>
          <line num="19" count="2" type="stmt"/>
          <line num="20" count="2" type="stmt"/>
          <line num="22" count="2" type="stmt"/>
          <line num="26" count="3" type="stmt"/>
        </file>
      </package>
      <package name="src.enhancers">
        <metrics statements="14" coveredstatements="2" conditionals="0" coveredconditionals="0" methods="7" coveredmethods="1"/>
        <file name="withKeyboard.js" path="/Users/him_aeng/Sites/Experiment/unit_test_example/src/enhancers/withKeyboard.js">
          <metrics statements="14" coveredstatements="2" conditionals="0" coveredconditionals="0" methods="7" coveredmethods="1"/>
          <line num="4" count="1" type="stmt"/>
          <line num="5" count="1" type="stmt"/>
          <line num="7" count="0" type="stmt"/>
          <line num="9" count="0" type="stmt"/>
          <line num="14" count="0" type="stmt"/>
          <line num="15" count="0" type="stmt"/>
          <line num="19" count="0" type="stmt"/>
          <line num="21" count="0" type="stmt"/>
          <line num="23" count="0" type="stmt"/>
          <line num="27" count="0" type="stmt"/>
          <line num="28" count="0" type="stmt"/>
          <line num="32" count="0" type="stmt"/>
          <line num="39" count="0" type="stmt"/>
          <line num="46" count="0" type="stmt"/>
        </file>
      </package>
      <package name="src.pages">
        <metrics statements="13" coveredstatements="12" conditionals="4" coveredconditionals="4" methods="4" coveredmethods="3"/>
        <file name="RepoPage.js" path="/Users/him_aeng/Sites/Experiment/unit_test_example/src/pages/RepoPage.js">
          <metrics statements="13" coveredstatements="12" conditionals="4" coveredconditionals="4" methods="4" coveredmethods="3"/>
          <line num="9" count="1" type="stmt"/>
          <line num="11" count="1" type="stmt"/>
          <line num="22" count="2" type="stmt"/>
          <line num="26" count="2" type="stmt"/>
          <line num="27" count="2" type="cond" truecount="4" falsecount="0"/>
          <line num="28" count="1" type="stmt"/>
          <line num="35" count="1" type="stmt"/>
          <line num="56" count="2" type="stmt"/>
          <line num="57" count="2" type="stmt"/>
          <line num="65" count="1" type="stmt"/>
          <line num="82" count="1" type="stmt"/>
          <line num="83" count="0" type="stmt"/>
          <line num="88" count="1" type="stmt"/>
        </file>
      </package>
      <package name="src.reducers">
        <metrics statements="8" coveredstatements="8" conditionals="8" coveredconditionals="7" methods="1" coveredmethods="1"/>
        <file name="reposReducer.js" path="/Users/him_aeng/Sites/Experiment/unit_test_example/src/reducers/reposReducer.js">
          <metrics statements="8" coveredstatements="8" conditionals="8" coveredconditionals="7" methods="1" coveredmethods="1"/>
          <line num="8" count="1" type="stmt"/>
          <line num="16" count="7" type="cond" truecount="5" falsecount="0"/>
          <line num="18" count="1" type="stmt"/>
          <line num="20" count="1" type="stmt"/>
          <line num="22" count="2" type="stmt"/>
          <line num="24" count="1" type="cond" truecount="1" falsecount="1"/>
          <line num="25" count="1" type="stmt"/>
          <line num="27" count="2" type="stmt"/>
        </file>
      </package>
    </metrics>
  </project>
</coverage>
