{"/Users/him_aeng/Sites/Experiment/unit_test_example/config/jest/globalFetch.js": {"path":"/Users/him_aeng/Sites/Experiment/unit_test_example/config/jest/globalFetch.js","statementMap":{"0":{"start":{"line":1,"column":0},"end":{"line":1,"column":25}},"1":{"start":{"line":3,"column":0},"end":{"line":9,"column":1}},"2":{"start":{"line":4,"column":2},"end":{"line":8,"column":4}},"3":{"start":{"line":5,"column":10},"end":{"line":7,"column":6}},"4":{"start":{"line":6,"column":6},"end":{"line":6,"column":39}},"5":{"start":{"line":11,"column":0},"end":{"line":15,"column":1}},"6":{"start":{"line":12,"column":2},"end":{"line":14,"column":4}},"7":{"start":{"line":13,"column":10},"end":{"line":13,"column":31}}},"fnMap":{"0":{"name":"(anonymous_0)","decl":{"start":{"line":3,"column":28},"end":{"line":3,"column":29}},"loc":{"start":{"line":3,"column":38},"end":{"line":9,"column":1}},"line":3},"1":{"name":"(anonymous_1)","decl":{"start":{"line":5,"column":4},"end":{"line":5,"column":5}},"loc":{"start":{"line":5,"column":10},"end":{"line":7,"column":6}},"line":5},"2":{"name":"(anonymous_2)","decl":{"start":{"line":5,"column":34},"end":{"line":5,"column":35}},"loc":{"start":{"line":6,"column":6},"end":{"line":6,"column":39}},"line":6},"3":{"name":"(anonymous_3)","decl":{"start":{"line":11,"column":28},"end":{"line":11,"column":29}},"loc":{"start":{"line":11,"column":39},"end":{"line":15,"column":1}},"line":11},"4":{"name":"(anonymous_4)","decl":{"start":{"line":13,"column":4},"end":{"line":13,"column":5}},"loc":{"start":{"line":13,"column":10},"end":{"line":13,"column":31}},"line":13}},"branchMap":{},"s":{"0":5,"1":5,"2":1,"3":1,"4":1,"5":5,"6":1,"7":1},"f":{"0":1,"1":1,"2":1,"3":1,"4":1},"b":{},"_coverageSchema":"332fd63041d2c1bcb487cc26dd0d5f7d97098a6c","hash":"606e160905616af42d80e59984dacf48b41ff928"}
,"/Users/him_aeng/Sites/Experiment/unit_test_example/config/jest/mockData.js": {"path":"/Users/him_aeng/Sites/Experiment/unit_test_example/config/jest/mockData.js","statementMap":{"0":{"start":{"line":1,"column":21},"end":{"line":20,"column":1}}},"fnMap":{},"branchMap":{},"s":{"0":4},"f":{},"b":{},"_coverageSchema":"332fd63041d2c1bcb487cc26dd0d5f7d97098a6c","hash":"fa3cfea84f388da2dea9abd3ec23e0d55afc86d2"}
,"/Users/him_aeng/Sites/Experiment/unit_test_example/mocks/redux-mock-store.js": {"path":"/Users/him_aeng/Sites/Experiment/unit_test_example/mocks/redux-mock-store.js","statementMap":{"0":{"start":{"line":4,"column":20},"end":{"line":4,"column":29}},"1":{"start":{"line":5,"column":18},"end":{"line":5,"column":49}}},"fnMap":{},"branchMap":{},"s":{"0":1,"1":1},"f":{},"b":{},"_coverageSchema":"332fd63041d2c1bcb487cc26dd0d5f7d97098a6c","hash":"0aaf213fcd60ae515a4dbfd0d5cd4fe384d29bfc"}
,"/Users/him_aeng/Sites/Experiment/unit_test_example/src/actions/index.js": {"path":"/Users/him_aeng/Sites/Experiment/unit_test_example/src/actions/index.js","statementMap":{},"fnMap":{},"branchMap":{},"s":{},"f":{},"b":{},"_coverageSchema":"332fd63041d2c1bcb487cc26dd0d5f7d97098a6c","hash":"7f2dc384025615af6564dbf4ca8a3bfe31dc7096"}
,"/Users/him_aeng/Sites/Experiment/unit_test_example/src/actions/reposAction.js": {"path":"/Users/him_aeng/Sites/Experiment/unit_test_example/src/actions/reposAction.js","statementMap":{"0":{"start":{"line":8,"column":32},"end":{"line":13,"column":1}},"1":{"start":{"line":9,"column":2},"end":{"line":12,"column":5}},"2":{"start":{"line":15,"column":32},"end":{"line":19,"column":1}},"3":{"start":{"line":16,"column":2},"end":{"line":18,"column":5}},"4":{"start":{"line":21,"column":32},"end":{"line":26,"column":1}},"5":{"start":{"line":22,"column":2},"end":{"line":25,"column":5}},"6":{"start":{"line":28,"column":25},"end":{"line":39,"column":1}},"7":{"start":{"line":29,"column":2},"end":{"line":38,"column":4}},"8":{"start":{"line":30,"column":4},"end":{"line":37,"column":5}},"9":{"start":{"line":31,"column":6},"end":{"line":31,"column":35}},"10":{"start":{"line":32,"column":28},"end":{"line":32,"column":49}},"11":{"start":{"line":33,"column":28},"end":{"line":33,"column":49}},"12":{"start":{"line":34,"column":6},"end":{"line":34,"column":53}},"13":{"start":{"line":36,"column":6},"end":{"line":36,"column":40}},"14":{"start":{"line":41,"column":26},"end":{"line":46,"column":1}},"15":{"start":{"line":42,"column":2},"end":{"line":45,"column":4}}},"fnMap":{"0":{"name":"(anonymous_0)","decl":{"start":{"line":8,"column":32},"end":{"line":8,"column":33}},"loc":{"start":{"line":8,"column":42},"end":{"line":13,"column":1}},"line":8},"1":{"name":"(anonymous_1)","decl":{"start":{"line":15,"column":32},"end":{"line":15,"column":33}},"loc":{"start":{"line":15,"column":38},"end":{"line":19,"column":1}},"line":15},"2":{"name":"(anonymous_2)","decl":{"start":{"line":21,"column":32},"end":{"line":21,"column":33}},"loc":{"start":{"line":21,"column":43},"end":{"line":26,"column":1}},"line":21},"3":{"name":"(anonymous_3)","decl":{"start":{"line":28,"column":25},"end":{"line":28,"column":26}},"loc":{"start":{"line":28,"column":39},"end":{"line":39,"column":1}},"line":28},"4":{"name":"(anonymous_4)","decl":{"start":{"line":29,"column":9},"end":{"line":29,"column":10}},"loc":{"start":{"line":29,"column":29},"end":{"line":38,"column":3}},"line":29},"5":{"name":"(anonymous_5)","decl":{"start":{"line":41,"column":26},"end":{"line":41,"column":27}},"loc":{"start":{"line":41,"column":34},"end":{"line":46,"column":1}},"line":41}},"branchMap":{},"s":{"0":3,"1":3,"2":3,"3":3,"4":3,"5":2,"6":3,"7":2,"8":2,"9":2,"10":2,"11":1,"12":1,"13":1,"14":3,"15":2},"f":{"0":3,"1":3,"2":2,"3":2,"4":2,"5":2},"b":{},"_coverageSchema":"332fd63041d2c1bcb487cc26dd0d5f7d97098a6c","hash":"9c523b3e9843d4d7585a9e54ffdf96dd5166c8a9"}
,"/Users/him_aeng/Sites/Experiment/unit_test_example/src/actions/types.js": {"path":"/Users/him_aeng/Sites/Experiment/unit_test_example/src/actions/types.js","statementMap":{"0":{"start":{"line":1,"column":34},"end":{"line":1,"column":54}},"1":{"start":{"line":2,"column":34},"end":{"line":2,"column":54}},"2":{"start":{"line":3,"column":34},"end":{"line":3,"column":54}},"3":{"start":{"line":4,"column":27},"end":{"line":4,"column":40}}},"fnMap":{},"branchMap":{},"s":{"0":3,"1":3,"2":3,"3":3},"f":{},"b":{},"_coverageSchema":"332fd63041d2c1bcb487cc26dd0d5f7d97098a6c","hash":"5bf85f80a2c118ff0014906cf327af2e20f28cc8"}
,"/Users/him_aeng/Sites/Experiment/unit_test_example/src/components/RepoItem.js": {"path":"/Users/him_aeng/Sites/Experiment/unit_test_example/src/components/RepoItem.js","statementMap":{"0":{"start":{"line":8,"column":0},"end":{"line":12,"column":1}},"1":{"start":{"line":14,"column":0},"end":{"line":16,"column":1}},"2":{"start":{"line":19,"column":54},"end":{"line":19,"column":64}},"3":{"start":{"line":20,"column":20},"end":{"line":20,"column":85}},"4":{"start":{"line":21,"column":2},"end":{"line":32,"column":3}},"5":{"start":{"line":23,"column":21},"end":{"line":23,"column":41}},"6":{"start":{"line":35,"column":15},"end":{"line":51,"column":1}}},"fnMap":{"0":{"name":"RepoItem","decl":{"start":{"line":18,"column":9},"end":{"line":18,"column":17}},"loc":{"start":{"line":18,"column":26},"end":{"line":33,"column":1}},"line":18},"1":{"name":"(anonymous_1)","decl":{"start":{"line":23,"column":15},"end":{"line":23,"column":16}},"loc":{"start":{"line":23,"column":21},"end":{"line":23,"column":41}},"line":23}},"branchMap":{"0":{"loc":{"start":{"line":20,"column":20},"end":{"line":20,"column":85}},"type":"binary-expr","locations":[{"start":{"line":20,"column":20},"end":{"line":20,"column":36}},{"start":{"line":20,"column":40},"end":{"line":20,"column":70}},{"start":{"line":20,"column":74},"end":{"line":20,"column":85}}],"line":20},"1":{"loc":{"start":{"line":29,"column":10},"end":{"line":29,"column":62}},"type":"cond-expr","locations":[{"start":{"line":29,"column":29},"end":{"line":29,"column":55}},{"start":{"line":29,"column":58},"end":{"line":29,"column":62}}],"line":29}},"s":{"0":2,"1":2,"2":5,"3":5,"4":5,"5":0,"6":2},"f":{"0":5,"1":0},"b":{"0":[5,1,4],"1":[1,4]},"_coverageSchema":"332fd63041d2c1bcb487cc26dd0d5f7d97098a6c","hash":"8f2bdbb8eb8bb8f549c2727ba50562defe93e146"}
,"/Users/him_aeng/Sites/Experiment/unit_test_example/src/components/RepoList.js": {"path":"/Users/him_aeng/Sites/Experiment/unit_test_example/src/components/RepoList.js","statementMap":{"0":{"start":{"line":10,"column":11},"end":{"line":10,"column":80}},"1":{"start":{"line":10,"column":63},"end":{"line":10,"column":78}},"2":{"start":{"line":12,"column":0},"end":{"line":16,"column":1}},"3":{"start":{"line":19,"column":42},"end":{"line":19,"column":47}},"4":{"start":{"line":20,"column":21},"end":{"line":20,"column":44}},"5":{"start":{"line":22,"column":2},"end":{"line":34,"column":4}},"6":{"start":{"line":26,"column":8},"end":{"line":30,"column":10}}},"fnMap":{"0":{"name":"(anonymous_0)","decl":{"start":{"line":10,"column":51},"end":{"line":10,"column":52}},"loc":{"start":{"line":10,"column":63},"end":{"line":10,"column":78}},"line":10},"1":{"name":"RepoList","decl":{"start":{"line":18,"column":9},"end":{"line":18,"column":17}},"loc":{"start":{"line":18,"column":26},"end":{"line":35,"column":1}},"line":18},"2":{"name":"(anonymous_2)","decl":{"start":{"line":25,"column":17},"end":{"line":25,"column":18}},"loc":{"start":{"line":26,"column":8},"end":{"line":30,"column":10}},"line":26}},"branchMap":{},"s":{"0":1,"1":0,"2":1,"3":2,"4":2,"5":2,"6":3},"f":{"0":0,"1":2,"2":3},"b":{},"_coverageSchema":"332fd63041d2c1bcb487cc26dd0d5f7d97098a6c","hash":"b8b0a87688c61f4115a778649f64963f0a3472ca"}
,"/Users/him_aeng/Sites/Experiment/unit_test_example/src/pages/RepoPage.js": {"path":"/Users/him_aeng/Sites/Experiment/unit_test_example/src/pages/RepoPage.js","statementMap":{"0":{"start":{"line":8,"column":13},"end":{"line":8,"column":37}},"1":{"start":{"line":10,"column":2},"end":{"line":10,"column":68}},"2":{"start":{"line":21,"column":4},"end":{"line":21,"column":39}},"3":{"start":{"line":25,"column":43},"end":{"line":25,"column":59}},"4":{"start":{"line":26,"column":4},"end":{"line":32,"column":5}},"5":{"start":{"line":27,"column":6},"end":{"line":31,"column":8}},"6":{"start":{"line":34,"column":4},"end":{"line":40,"column":6}},"7":{"start":{"line":44,"column":33},"end":{"line":44,"column":49}},"8":{"start":{"line":45,"column":4},"end":{"line":49,"column":6}},"9":{"start":{"line":53,"column":15},"end":{"line":62,"column":1}},"10":{"start":{"line":64,"column":24},"end":{"line":68,"column":1}},"11":{"start":{"line":65,"column":2},"end":{"line":67,"column":3}}},"fnMap":{"0":{"name":"(anonymous_0)","decl":{"start":{"line":20,"column":2},"end":{"line":20,"column":3}},"loc":{"start":{"line":20,"column":22},"end":{"line":22,"column":3}},"line":20},"1":{"name":"(anonymous_1)","decl":{"start":{"line":24,"column":2},"end":{"line":24,"column":3}},"loc":{"start":{"line":24,"column":19},"end":{"line":41,"column":3}},"line":24},"2":{"name":"(anonymous_2)","decl":{"start":{"line":43,"column":2},"end":{"line":43,"column":3}},"loc":{"start":{"line":43,"column":11},"end":{"line":50,"column":3}},"line":43},"3":{"name":"(anonymous_3)","decl":{"start":{"line":64,"column":24},"end":{"line":64,"column":25}},"loc":{"start":{"line":64,"column":35},"end":{"line":68,"column":1}},"line":64}},"branchMap":{"0":{"loc":{"start":{"line":26,"column":4},"end":{"line":32,"column":5}},"type":"if","locations":[{"start":{"line":26,"column":4},"end":{"line":32,"column":5}},{"start":{"line":26,"column":4},"end":{"line":32,"column":5}}],"line":26},"1":{"loc":{"start":{"line":26,"column":7},"end":{"line":26,"column":26}},"type":"binary-expr","locations":[{"start":{"line":26,"column":7},"end":{"line":26,"column":13}},{"start":{"line":26,"column":17},"end":{"line":26,"column":26}}],"line":26}},"s":{"0":1,"1":1,"2":2,"3":2,"4":2,"5":1,"6":1,"7":2,"8":2,"9":1,"10":1,"11":0},"f":{"0":2,"1":2,"2":2,"3":0},"b":{"0":[1,1],"1":[2,2]},"_coverageSchema":"332fd63041d2c1bcb487cc26dd0d5f7d97098a6c","hash":"5d38582ecad973dec83cea934827cb2c1122e1a5"}
,"/Users/him_aeng/Sites/Experiment/unit_test_example/src/reducers/reposReducer.js": {"path":"/Users/him_aeng/Sites/Experiment/unit_test_example/src/reducers/reposReducer.js","statementMap":{"0":{"start":{"line":8,"column":28},"end":{"line":13,"column":1}},"1":{"start":{"line":16,"column":2},"end":{"line":28,"column":3}},"2":{"start":{"line":18,"column":6},"end":{"line":18,"column":65}},"3":{"start":{"line":20,"column":6},"end":{"line":20,"column":43}},"4":{"start":{"line":22,"column":6},"end":{"line":22,"column":63}},"5":{"start":{"line":24,"column":23},"end":{"line":24,"column":70}},"6":{"start":{"line":25,"column":6},"end":{"line":25,"column":36}},"7":{"start":{"line":27,"column":6},"end":{"line":27,"column":19}}},"fnMap":{"0":{"name":"repos","decl":{"start":{"line":15,"column":24},"end":{"line":15,"column":29}},"loc":{"start":{"line":15,"column":60},"end":{"line":29,"column":1}},"line":15}},"branchMap":{"0":{"loc":{"start":{"line":15,"column":30},"end":{"line":15,"column":50}},"type":"default-arg","locations":[{"start":{"line":15,"column":38},"end":{"line":15,"column":50}}],"line":15},"1":{"loc":{"start":{"line":16,"column":2},"end":{"line":28,"column":3}},"type":"switch","locations":[{"start":{"line":17,"column":4},"end":{"line":18,"column":65}},{"start":{"line":19,"column":4},"end":{"line":20,"column":43}},{"start":{"line":21,"column":4},"end":{"line":22,"column":63}},{"start":{"line":23,"column":4},"end":{"line":25,"column":36}},{"start":{"line":26,"column":4},"end":{"line":27,"column":19}}],"line":16},"2":{"loc":{"start":{"line":24,"column":23},"end":{"line":24,"column":70}},"type":"cond-expr","locations":[{"start":{"line":24,"column":54},"end":{"line":24,"column":63}},{"start":{"line":24,"column":66},"end":{"line":24,"column":70}}],"line":24}},"s":{"0":1,"1":7,"2":1,"3":1,"4":2,"5":1,"6":1,"7":2},"f":{"0":7},"b":{"0":[1],"1":[1,1,2,1,2],"2":[1,0]},"_coverageSchema":"332fd63041d2c1bcb487cc26dd0d5f7d97098a6c","hash":"bae2ea361758a736ac024bc3e17e98601872b550"}
}
