{"/Users/him_aeng/Sites/Experiment/unit_test_example/config/jest/globalFetch.js": {"path":"/Users/him_aeng/Sites/Experiment/unit_test_example/config/jest/globalFetch.js","statementMap":{"0":{"start":{"line":1,"column":0},"end":{"line":1,"column":25}},"1":{"start":{"line":3,"column":0},"end":{"line":9,"column":1}},"2":{"start":{"line":4,"column":2},"end":{"line":8,"column":4}},"3":{"start":{"line":5,"column":10},"end":{"line":7,"column":6}},"4":{"start":{"line":6,"column":6},"end":{"line":6,"column":39}},"5":{"start":{"line":11,"column":0},"end":{"line":15,"column":1}},"6":{"start":{"line":12,"column":2},"end":{"line":14,"column":4}},"7":{"start":{"line":13,"column":10},"end":{"line":13,"column":31}}},"fnMap":{"0":{"name":"(anonymous_0)","decl":{"start":{"line":3,"column":28},"end":{"line":3,"column":29}},"loc":{"start":{"line":3,"column":38},"end":{"line":9,"column":1}},"line":3},"1":{"name":"(anonymous_1)","decl":{"start":{"line":5,"column":4},"end":{"line":5,"column":5}},"loc":{"start":{"line":5,"column":10},"end":{"line":7,"column":6}},"line":5},"2":{"name":"(anonymous_2)","decl":{"start":{"line":5,"column":34},"end":{"line":5,"column":35}},"loc":{"start":{"line":6,"column":6},"end":{"line":6,"column":39}},"line":6},"3":{"name":"(anonymous_3)","decl":{"start":{"line":11,"column":28},"end":{"line":11,"column":29}},"loc":{"start":{"line":11,"column":39},"end":{"line":15,"column":1}},"line":11},"4":{"name":"(anonymous_4)","decl":{"start":{"line":13,"column":4},"end":{"line":13,"column":5}},"loc":{"start":{"line":13,"column":10},"end":{"line":13,"column":31}},"line":13}},"branchMap":{},"s":{"0":5,"1":5,"2":1,"3":1,"4":0,"5":5,"6":1,"7":1},"f":{"0":1,"1":1,"2":0,"3":1,"4":1},"b":{},"_coverageSchema":"332fd63041d2c1bcb487cc26dd0d5f7d97098a6c","hash":"606e160905616af42d80e59984dacf48b41ff928"}
,"/Users/him_aeng/Sites/Experiment/unit_test_example/config/jest/mockData.js": {"path":"/Users/him_aeng/Sites/Experiment/unit_test_example/config/jest/mockData.js","statementMap":{"0":{"start":{"line":1,"column":21},"end":{"line":20,"column":1}}},"fnMap":{},"branchMap":{},"s":{"0":4},"f":{},"b":{},"_coverageSchema":"332fd63041d2c1bcb487cc26dd0d5f7d97098a6c","hash":"fa3cfea84f388da2dea9abd3ec23e0d55afc86d2"}
,"/Users/him_aeng/Sites/Experiment/unit_test_example/mocks/redux-mock-store.js": {"path":"/Users/him_aeng/Sites/Experiment/unit_test_example/mocks/redux-mock-store.js","statementMap":{"0":{"start":{"line":4,"column":20},"end":{"line":4,"column":29}},"1":{"start":{"line":5,"column":18},"end":{"line":5,"column":49}}},"fnMap":{},"branchMap":{},"s":{"0":1,"1":1},"f":{},"b":{},"_coverageSchema":"332fd63041d2c1bcb487cc26dd0d5f7d97098a6c","hash":"0aaf213fcd60ae515a4dbfd0d5cd4fe384d29bfc"}
,"/Users/him_aeng/Sites/Experiment/unit_test_example/src/actions/index.js": {"path":"/Users/him_aeng/Sites/Experiment/unit_test_example/src/actions/index.js","statementMap":{},"fnMap":{},"branchMap":{},"s":{},"f":{},"b":{},"_coverageSchema":"332fd63041d2c1bcb487cc26dd0d5f7d97098a6c","hash":"7f2dc384025615af6564dbf4ca8a3bfe31dc7096"}
,"/Users/him_aeng/Sites/Experiment/unit_test_example/src/actions/reposAction.js": {"path":"/Users/him_aeng/Sites/Experiment/unit_test_example/src/actions/reposAction.js","statementMap":{"0":{"start":{"line":8,"column":32},"end":{"line":13,"column":1}},"1":{"start":{"line":9,"column":2},"end":{"line":12,"column":5}},"2":{"start":{"line":15,"column":26},"end":{"line":20,"column":1}},"3":{"start":{"line":16,"column":2},"end":{"line":19,"column":4}}},"fnMap":{"0":{"name":"(anonymous_0)","decl":{"start":{"line":8,"column":32},"end":{"line":8,"column":33}},"loc":{"start":{"line":8,"column":46},"end":{"line":13,"column":1}},"line":8},"1":{"name":"(anonymous_1)","decl":{"start":{"line":15,"column":26},"end":{"line":15,"column":27}},"loc":{"start":{"line":15,"column":34},"end":{"line":20,"column":1}},"line":15}},"branchMap":{},"s":{"0":2,"1":2,"2":2,"3":1},"f":{"0":2,"1":1},"b":{},"_coverageSchema":"332fd63041d2c1bcb487cc26dd0d5f7d97098a6c","hash":"36a67bb391d728c55b50653ec257c8b6870c38de"}
,"/Users/him_aeng/Sites/Experiment/unit_test_example/src/actions/types.js": {"path":"/Users/him_aeng/Sites/Experiment/unit_test_example/src/actions/types.js","statementMap":{"0":{"start":{"line":1,"column":34},"end":{"line":1,"column":54}},"1":{"start":{"line":2,"column":34},"end":{"line":2,"column":54}},"2":{"start":{"line":3,"column":34},"end":{"line":3,"column":54}},"3":{"start":{"line":4,"column":27},"end":{"line":4,"column":40}}},"fnMap":{},"branchMap":{},"s":{"0":3,"1":3,"2":3,"3":3},"f":{},"b":{},"_coverageSchema":"332fd63041d2c1bcb487cc26dd0d5f7d97098a6c","hash":"5bf85f80a2c118ff0014906cf327af2e20f28cc8"}
,"/Users/him_aeng/Sites/Experiment/unit_test_example/src/components/RepoItem.js": {"path":"/Users/him_aeng/Sites/Experiment/unit_test_example/src/components/RepoItem.js","statementMap":{"0":{"start":{"line":8,"column":0},"end":{"line":12,"column":1}},"1":{"start":{"line":14,"column":0},"end":{"line":16,"column":1}},"2":{"start":{"line":19,"column":54},"end":{"line":19,"column":64}},"3":{"start":{"line":20,"column":20},"end":{"line":20,"column":85}},"4":{"start":{"line":21,"column":2},"end":{"line":32,"column":3}},"5":{"start":{"line":23,"column":21},"end":{"line":23,"column":41}},"6":{"start":{"line":35,"column":15},"end":{"line":51,"column":1}}},"fnMap":{"0":{"name":"RepoItem","decl":{"start":{"line":18,"column":9},"end":{"line":18,"column":17}},"loc":{"start":{"line":18,"column":26},"end":{"line":33,"column":1}},"line":18},"1":{"name":"(anonymous_1)","decl":{"start":{"line":23,"column":15},"end":{"line":23,"column":16}},"loc":{"start":{"line":23,"column":21},"end":{"line":23,"column":41}},"line":23}},"branchMap":{"0":{"loc":{"start":{"line":20,"column":20},"end":{"line":20,"column":85}},"type":"binary-expr","locations":[{"start":{"line":20,"column":20},"end":{"line":20,"column":36}},{"start":{"line":20,"column":40},"end":{"line":20,"column":70}},{"start":{"line":20,"column":74},"end":{"line":20,"column":85}}],"line":20},"1":{"loc":{"start":{"line":29,"column":10},"end":{"line":29,"column":62}},"type":"cond-expr","locations":[{"start":{"line":29,"column":29},"end":{"line":29,"column":55}},{"start":{"line":29,"column":58},"end":{"line":29,"column":62}}],"line":29}},"s":{"0":2,"1":2,"2":5,"3":5,"4":5,"5":0,"6":2},"f":{"0":5,"1":0},"b":{"0":[5,1,4],"1":[1,4]},"_coverageSchema":"332fd63041d2c1bcb487cc26dd0d5f7d97098a6c","hash":"8f2bdbb8eb8bb8f549c2727ba50562defe93e146"}
,"/Users/him_aeng/Sites/Experiment/unit_test_example/src/components/RepoList.js": {"path":"/Users/him_aeng/Sites/Experiment/unit_test_example/src/components/RepoList.js","statementMap":{"0":{"start":{"line":10,"column":11},"end":{"line":10,"column":80}},"1":{"start":{"line":10,"column":63},"end":{"line":10,"column":78}},"2":{"start":{"line":12,"column":0},"end":{"line":16,"column":1}},"3":{"start":{"line":19,"column":42},"end":{"line":19,"column":47}},"4":{"start":{"line":20,"column":21},"end":{"line":20,"column":44}},"5":{"start":{"line":22,"column":2},"end":{"line":36,"column":4}},"6":{"start":{"line":26,"column":8},"end":{"line":31,"column":10}}},"fnMap":{"0":{"name":"(anonymous_0)","decl":{"start":{"line":10,"column":51},"end":{"line":10,"column":52}},"loc":{"start":{"line":10,"column":63},"end":{"line":10,"column":78}},"line":10},"1":{"name":"RepoList","decl":{"start":{"line":18,"column":9},"end":{"line":18,"column":17}},"loc":{"start":{"line":18,"column":26},"end":{"line":37,"column":1}},"line":18},"2":{"name":"(anonymous_2)","decl":{"start":{"line":25,"column":17},"end":{"line":25,"column":18}},"loc":{"start":{"line":26,"column":8},"end":{"line":31,"column":10}},"line":26}},"branchMap":{},"s":{"0":1,"1":0,"2":1,"3":2,"4":2,"5":2,"6":3},"f":{"0":0,"1":2,"2":3},"b":{},"_coverageSchema":"332fd63041d2c1bcb487cc26dd0d5f7d97098a6c","hash":"7473e5ced29782c8f2a5d5ec85c77f6df864db2a"}
,"/Users/him_aeng/Sites/Experiment/unit_test_example/src/enhancers/withKeyboard.js": {"path":"/Users/him_aeng/Sites/Experiment/unit_test_example/src/enhancers/withKeyboard.js","statementMap":{"0":{"start":{"line":4,"column":21},"end":{"line":49,"column":1}},"1":{"start":{"line":5,"column":2},"end":{"line":48,"column":3}},"2":{"start":{"line":7,"column":6},"end":{"line":7,"column":14}},"3":{"start":{"line":9,"column":6},"end":{"line":12,"column":8}},"4":{"start":{"line":14,"column":6},"end":{"line":14,"column":61}},"5":{"start":{"line":15,"column":6},"end":{"line":15,"column":61}},"6":{"start":{"line":19,"column":6},"end":{"line":20,"column":70}},"7":{"start":{"line":21,"column":6},"end":{"line":22,"column":70}},"8":{"start":{"line":23,"column":6},"end":{"line":23,"column":25}},"9":{"start":{"line":27,"column":6},"end":{"line":27,"column":44}},"10":{"start":{"line":28,"column":6},"end":{"line":28,"column":44}},"11":{"start":{"line":32,"column":6},"end":{"line":35,"column":9}},"12":{"start":{"line":39,"column":6},"end":{"line":42,"column":9}},"13":{"start":{"line":46,"column":6},"end":{"line":46,"column":62}}},"fnMap":{"0":{"name":"(anonymous_0)","decl":{"start":{"line":4,"column":21},"end":{"line":4,"column":22}},"loc":{"start":{"line":5,"column":2},"end":{"line":48,"column":3}},"line":5},"1":{"name":"(anonymous_1)","decl":{"start":{"line":6,"column":4},"end":{"line":6,"column":5}},"loc":{"start":{"line":6,"column":18},"end":{"line":16,"column":5}},"line":6},"2":{"name":"(anonymous_2)","decl":{"start":{"line":18,"column":4},"end":{"line":18,"column":5}},"loc":{"start":{"line":18,"column":25},"end":{"line":24,"column":5}},"line":18},"3":{"name":"(anonymous_3)","decl":{"start":{"line":26,"column":4},"end":{"line":26,"column":5}},"loc":{"start":{"line":26,"column":27},"end":{"line":29,"column":5}},"line":26},"4":{"name":"(anonymous_4)","decl":{"start":{"line":31,"column":4},"end":{"line":31,"column":5}},"loc":{"start":{"line":31,"column":28},"end":{"line":36,"column":5}},"line":31},"5":{"name":"(anonymous_5)","decl":{"start":{"line":38,"column":4},"end":{"line":38,"column":5}},"loc":{"start":{"line":38,"column":28},"end":{"line":43,"column":5}},"line":38},"6":{"name":"(anonymous_6)","decl":{"start":{"line":45,"column":4},"end":{"line":45,"column":5}},"loc":{"start":{"line":45,"column":13},"end":{"line":47,"column":5}},"line":45}},"branchMap":{},"s":{"0":1,"1":1,"2":0,"3":0,"4":0,"5":0,"6":0,"7":0,"8":0,"9":0,"10":0,"11":0,"12":0,"13":0},"f":{"0":1,"1":0,"2":0,"3":0,"4":0,"5":0,"6":0},"b":{},"_coverageSchema":"332fd63041d2c1bcb487cc26dd0d5f7d97098a6c","hash":"e7e79cf9e0a3b7623ce22e58576d8f4baa955b99"}
,"/Users/him_aeng/Sites/Experiment/unit_test_example/src/pages/RepoPage.js": {"path":"/Users/him_aeng/Sites/Experiment/unit_test_example/src/pages/RepoPage.js","statementMap":{"0":{"start":{"line":9,"column":13},"end":{"line":9,"column":37}},"1":{"start":{"line":11,"column":2},"end":{"line":11,"column":68}},"2":{"start":{"line":22,"column":4},"end":{"line":22,"column":46}},"3":{"start":{"line":26,"column":43},"end":{"line":26,"column":59}},"4":{"start":{"line":27,"column":4},"end":{"line":33,"column":5}},"5":{"start":{"line":28,"column":6},"end":{"line":32,"column":8}},"6":{"start":{"line":35,"column":4},"end":{"line":52,"column":6}},"7":{"start":{"line":56,"column":33},"end":{"line":56,"column":49}},"8":{"start":{"line":57,"column":4},"end":{"line":61,"column":6}},"9":{"start":{"line":65,"column":15},"end":{"line":80,"column":1}},"10":{"start":{"line":82,"column":24},"end":{"line":86,"column":1}},"11":{"start":{"line":83,"column":2},"end":{"line":85,"column":3}},"12":{"start":{"line":88,"column":29},"end":{"line":88,"column":51}}},"fnMap":{"0":{"name":"(anonymous_0)","decl":{"start":{"line":21,"column":2},"end":{"line":21,"column":3}},"loc":{"start":{"line":21,"column":22},"end":{"line":23,"column":3}},"line":21},"1":{"name":"(anonymous_1)","decl":{"start":{"line":25,"column":2},"end":{"line":25,"column":3}},"loc":{"start":{"line":25,"column":19},"end":{"line":53,"column":3}},"line":25},"2":{"name":"(anonymous_2)","decl":{"start":{"line":55,"column":2},"end":{"line":55,"column":3}},"loc":{"start":{"line":55,"column":11},"end":{"line":62,"column":3}},"line":55},"3":{"name":"(anonymous_3)","decl":{"start":{"line":82,"column":24},"end":{"line":82,"column":25}},"loc":{"start":{"line":82,"column":35},"end":{"line":86,"column":1}},"line":82}},"branchMap":{"0":{"loc":{"start":{"line":27,"column":4},"end":{"line":33,"column":5}},"type":"if","locations":[{"start":{"line":27,"column":4},"end":{"line":33,"column":5}},{"start":{"line":27,"column":4},"end":{"line":33,"column":5}}],"line":27},"1":{"loc":{"start":{"line":27,"column":7},"end":{"line":27,"column":26}},"type":"binary-expr","locations":[{"start":{"line":27,"column":7},"end":{"line":27,"column":13}},{"start":{"line":27,"column":17},"end":{"line":27,"column":26}}],"line":27}},"s":{"0":1,"1":1,"2":2,"3":2,"4":2,"5":1,"6":1,"7":2,"8":2,"9":1,"10":1,"11":0,"12":1},"f":{"0":2,"1":2,"2":2,"3":0},"b":{"0":[1,1],"1":[2,2]},"_coverageSchema":"332fd63041d2c1bcb487cc26dd0d5f7d97098a6c","hash":"d1dda1cf6940709ddba9128eb581c6304f6fa5a7"}
,"/Users/him_aeng/Sites/Experiment/unit_test_example/src/reducers/reposReducer.js": {"path":"/Users/him_aeng/Sites/Experiment/unit_test_example/src/reducers/reposReducer.js","statementMap":{"0":{"start":{"line":8,"column":28},"end":{"line":13,"column":1}},"1":{"start":{"line":16,"column":2},"end":{"line":28,"column":3}},"2":{"start":{"line":18,"column":6},"end":{"line":18,"column":65}},"3":{"start":{"line":20,"column":6},"end":{"line":20,"column":43}},"4":{"start":{"line":22,"column":6},"end":{"line":22,"column":63}},"5":{"start":{"line":24,"column":23},"end":{"line":24,"column":70}},"6":{"start":{"line":25,"column":6},"end":{"line":25,"column":36}},"7":{"start":{"line":27,"column":6},"end":{"line":27,"column":19}}},"fnMap":{"0":{"name":"repos","decl":{"start":{"line":15,"column":24},"end":{"line":15,"column":29}},"loc":{"start":{"line":15,"column":60},"end":{"line":29,"column":1}},"line":15}},"branchMap":{"0":{"loc":{"start":{"line":15,"column":30},"end":{"line":15,"column":50}},"type":"default-arg","locations":[{"start":{"line":15,"column":38},"end":{"line":15,"column":50}}],"line":15},"1":{"loc":{"start":{"line":16,"column":2},"end":{"line":28,"column":3}},"type":"switch","locations":[{"start":{"line":17,"column":4},"end":{"line":18,"column":65}},{"start":{"line":19,"column":4},"end":{"line":20,"column":43}},{"start":{"line":21,"column":4},"end":{"line":22,"column":63}},{"start":{"line":23,"column":4},"end":{"line":25,"column":36}},{"start":{"line":26,"column":4},"end":{"line":27,"column":19}}],"line":16},"2":{"loc":{"start":{"line":24,"column":23},"end":{"line":24,"column":70}},"type":"cond-expr","locations":[{"start":{"line":24,"column":54},"end":{"line":24,"column":63}},{"start":{"line":24,"column":66},"end":{"line":24,"column":70}}],"line":24}},"s":{"0":1,"1":7,"2":1,"3":1,"4":2,"5":1,"6":1,"7":2},"f":{"0":7},"b":{"0":[1],"1":[1,1,2,1,2],"2":[1,0]},"_coverageSchema":"332fd63041d2c1bcb487cc26dd0d5f7d97098a6c","hash":"bae2ea361758a736ac024bc3e17e98601872b550"}
}
