TN:
SF:/Users/him_aeng/Sites/Experiment/unit_test_example/config/jest/globalFetch.js
FN:3,(anonymous_0)
FN:5,(anonymous_1)
FN:5,(anonymous_2)
FN:11,(anonymous_3)
FN:13,(anonymous_4)
FNF:5
FNH:5
FNDA:1,(anonymous_0)
FNDA:1,(anonymous_1)
FNDA:1,(anonymous_2)
FNDA:1,(anonymous_3)
FNDA:1,(anonymous_4)
DA:1,5
DA:3,5
DA:4,1
DA:5,1
DA:6,1
DA:11,5
DA:12,1
DA:13,1
LF:8
LH:8
BRF:0
BRH:0
end_of_record
TN:
SF:/Users/him_aeng/Sites/Experiment/unit_test_example/config/jest/mockData.js
FNF:0
FNH:0
DA:1,4
LF:1
LH:1
BRF:0
BRH:0
end_of_record
TN:
SF:/Users/him_aeng/Sites/Experiment/unit_test_example/mocks/redux-mock-store.js
FNF:0
FNH:0
DA:4,1
DA:5,1
LF:2
LH:2
BRF:0
BRH:0
end_of_record
TN:
SF:/Users/him_aeng/Sites/Experiment/unit_test_example/src/actions/index.js
FNF:0
FNH:0
LF:0
LH:0
BRF:0
BRH:0
end_of_record
TN:
SF:/Users/him_aeng/Sites/Experiment/unit_test_example/src/actions/reposAction.js
FN:8,(anonymous_0)
FN:15,(anonymous_1)
FN:21,(anonymous_2)
FN:28,(anonymous_3)
FN:29,(anonymous_4)
FN:41,(anonymous_5)
FNF:6
FNH:6
FNDA:3,(anonymous_0)
FNDA:3,(anonymous_1)
FNDA:2,(anonymous_2)
FNDA:2,(anonymous_3)
FNDA:2,(anonymous_4)
FNDA:2,(anonymous_5)
DA:8,3
DA:9,3
DA:15,3
DA:16,3
DA:21,3
DA:22,2
DA:28,3
DA:29,2
DA:30,2
DA:31,2
DA:32,2
DA:33,1
DA:34,1
DA:36,1
DA:41,3
DA:42,2
LF:16
LH:16
BRF:0
BRH:0
end_of_record
TN:
SF:/Users/him_aeng/Sites/Experiment/unit_test_example/src/actions/types.js
FNF:0
FNH:0
DA:1,3
DA:2,3
DA:3,3
DA:4,3
LF:4
LH:4
BRF:0
BRH:0
end_of_record
TN:
SF:/Users/him_aeng/Sites/Experiment/unit_test_example/src/components/RepoItem.js
FN:18,RepoItem
FN:23,(anonymous_1)
FNF:2
FNH:1
FNDA:5,RepoItem
FNDA:0,(anonymous_1)
DA:8,2
DA:14,2
DA:19,5
DA:20,5
DA:21,5
DA:23,0
DA:35,2
LF:7
LH:6
BRDA:20,0,0,5
BRDA:20,0,1,1
BRDA:20,0,2,4
BRDA:29,1,0,1
BRDA:29,1,1,4
BRF:5
BRH:5
end_of_record
TN:
SF:/Users/him_aeng/Sites/Experiment/unit_test_example/src/components/RepoList.js
FN:10,(anonymous_0)
FN:18,RepoList
FN:25,(anonymous_2)
FNF:3
FNH:2
FNDA:0,(anonymous_0)
FNDA:2,RepoList
FNDA:3,(anonymous_2)
DA:10,1
DA:12,1
DA:19,2
DA:20,2
DA:22,2
DA:26,3
LF:6
LH:6
BRF:0
BRH:0
end_of_record
TN:
SF:/Users/him_aeng/Sites/Experiment/unit_test_example/src/pages/RepoPage.js
FN:20,(anonymous_0)
FN:24,(anonymous_1)
FN:43,(anonymous_2)
FN:64,(anonymous_3)
FNF:4
FNH:3
FNDA:2,(anonymous_0)
FNDA:2,(anonymous_1)
FNDA:2,(anonymous_2)
FNDA:0,(anonymous_3)
DA:8,1
DA:10,1
DA:21,2
DA:25,2
DA:26,2
DA:27,1
DA:34,1
DA:44,2
DA:45,2
DA:53,1
DA:64,1
DA:65,0
LF:12
LH:11
BRDA:26,0,0,1
BRDA:26,0,1,1
BRDA:26,1,0,2
BRDA:26,1,1,2
BRF:4
BRH:4
end_of_record
TN:
SF:/Users/him_aeng/Sites/Experiment/unit_test_example/src/reducers/reposReducer.js
FN:15,repos
FNF:1
FNH:1
FNDA:7,repos
DA:8,1
DA:16,7
DA:18,1
DA:20,1
DA:22,2
DA:24,1
DA:25,1
DA:27,2
LF:8
LH:8
BRDA:15,0,0,1
BRDA:16,1,0,1
BRDA:16,1,1,1
BRDA:16,1,2,2
BRDA:16,1,3,1
BRDA:16,1,4,2
BRDA:24,2,0,1
BRDA:24,2,1,0
BRF:8
BRH:7
end_of_record
