TN:
SF:/Users/him_aeng/Sites/Experiment/unit_test_example/config/jest/globalFetch.js
FN:3,(anonymous_0)
FN:5,(anonymous_1)
FN:5,(anonymous_2)
FN:11,(anonymous_3)
FN:13,(anonymous_4)
FNF:5
FNH:4
FNDA:1,(anonymous_0)
FNDA:1,(anonymous_1)
FNDA:0,(anonymous_2)
FNDA:1,(anonymous_3)
FNDA:1,(anonymous_4)
DA:1,5
DA:3,5
DA:4,1
DA:5,1
DA:6,0
DA:11,5
DA:12,1
DA:13,1
LF:8
LH:7
BRF:0
BRH:0
end_of_record
TN:
SF:/Users/him_aeng/Sites/Experiment/unit_test_example/config/jest/mockData.js
FNF:0
FNH:0
DA:1,4
LF:1
LH:1
BRF:0
BRH:0
end_of_record
TN:
SF:/Users/him_aeng/Sites/Experiment/unit_test_example/mocks/redux-mock-store.js
FNF:0
FNH:0
DA:4,1
DA:5,1
LF:2
LH:2
BRF:0
BRH:0
end_of_record
TN:
SF:/Users/him_aeng/Sites/Experiment/unit_test_example/src/actions/index.js
FNF:0
FNH:0
LF:0
LH:0
BRF:0
BRH:0
end_of_record
TN:
SF:/Users/him_aeng/Sites/Experiment/unit_test_example/src/actions/reposAction.js
FN:8,(anonymous_0)
FN:15,(anonymous_1)
FNF:2
FNH:2
FNDA:2,(anonymous_0)
FNDA:1,(anonymous_1)
DA:8,2
DA:9,2
DA:15,2
DA:16,1
LF:4
LH:4
BRF:0
BRH:0
end_of_record
TN:
SF:/Users/him_aeng/Sites/Experiment/unit_test_example/src/actions/types.js
FNF:0
FNH:0
DA:1,3
DA:2,3
DA:3,3
DA:4,3
LF:4
LH:4
BRF:0
BRH:0
end_of_record
TN:
SF:/Users/him_aeng/Sites/Experiment/unit_test_example/src/components/RepoItem.js
FN:18,RepoItem
FN:23,(anonymous_1)
FNF:2
FNH:1
FNDA:5,RepoItem
FNDA:0,(anonymous_1)
DA:8,2
DA:14,2
DA:19,5
DA:20,5
DA:21,5
DA:23,0
DA:35,2
LF:7
LH:6
BRDA:20,0,0,5
BRDA:20,0,1,1
BRDA:20,0,2,4
BRDA:29,1,0,1
BRDA:29,1,1,4
BRF:5
BRH:5
end_of_record
TN:
SF:/Users/him_aeng/Sites/Experiment/unit_test_example/src/components/RepoList.js
FN:10,(anonymous_0)
FN:18,RepoList
FN:25,(anonymous_2)
FNF:3
FNH:2
FNDA:0,(anonymous_0)
FNDA:2,RepoList
FNDA:3,(anonymous_2)
DA:10,1
DA:12,1
DA:19,2
DA:20,2
DA:22,2
DA:26,3
LF:6
LH:6
BRF:0
BRH:0
end_of_record
TN:
SF:/Users/him_aeng/Sites/Experiment/unit_test_example/src/enhancers/withKeyboard.js
FN:4,(anonymous_0)
FN:6,(anonymous_1)
FN:18,(anonymous_2)
FN:26,(anonymous_3)
FN:31,(anonymous_4)
FN:38,(anonymous_5)
FN:45,(anonymous_6)
FNF:7
FNH:1
FNDA:1,(anonymous_0)
FNDA:0,(anonymous_1)
FNDA:0,(anonymous_2)
FNDA:0,(anonymous_3)
FNDA:0,(anonymous_4)
FNDA:0,(anonymous_5)
FNDA:0,(anonymous_6)
DA:4,1
DA:5,1
DA:7,0
DA:9,0
DA:14,0
DA:15,0
DA:19,0
DA:21,0
DA:23,0
DA:27,0
DA:28,0
DA:32,0
DA:39,0
DA:46,0
LF:14
LH:2
BRF:0
BRH:0
end_of_record
TN:
SF:/Users/him_aeng/Sites/Experiment/unit_test_example/src/pages/RepoPage.js
FN:21,(anonymous_0)
FN:25,(anonymous_1)
FN:55,(anonymous_2)
FN:82,(anonymous_3)
FNF:4
FNH:3
FNDA:2,(anonymous_0)
FNDA:2,(anonymous_1)
FNDA:2,(anonymous_2)
FNDA:0,(anonymous_3)
DA:9,1
DA:11,1
DA:22,2
DA:26,2
DA:27,2
DA:28,1
DA:35,1
DA:56,2
DA:57,2
DA:65,1
DA:82,1
DA:83,0
DA:88,1
LF:13
LH:12
BRDA:27,0,0,1
BRDA:27,0,1,1
BRDA:27,1,0,2
BRDA:27,1,1,2
BRF:4
BRH:4
end_of_record
TN:
SF:/Users/him_aeng/Sites/Experiment/unit_test_example/src/reducers/reposReducer.js
FN:15,repos
FNF:1
FNH:1
FNDA:7,repos
DA:8,1
DA:16,7
DA:18,1
DA:20,1
DA:22,2
DA:24,1
DA:25,1
DA:27,2
LF:8
LH:8
BRDA:15,0,0,1
BRDA:16,1,0,1
BRDA:16,1,1,1
BRDA:16,1,2,2
BRDA:16,1,3,1
BRDA:16,1,4,2
BRDA:24,2,0,1
BRDA:24,2,1,0
BRF:8
BRH:7
end_of_record
